<testsuites id="" name="" tests="66" failures="2" skipped="0" errors="59" time="433.14299">
<testsuite name="fnb.spec.ts" timestamp="2026-07-23T07:46:06.732Z" hostname="chromium" tests="10" failures="1" skipped="0" time="328.778" errors="7">
<testcase name="KASIRSOLO FnB - Restaurant POS Flow › FnB-01: Should load FnB app successfully" classname="fnb.spec.ts" time="56.099">
<system-out>
<![CDATA[
[[ATTACHMENT|fnb-KASIRSOLO-FnB---Restau-7189f-d-load-FnB-app-successfully-chromium\video.webm]]

[[ATTACHMENT|fnb-KASIRSOLO-FnB---Restau-7189f-d-load-FnB-app-successfully-chromium\error-context.md]]
]]>
</system-out>
<error message="Test timeout of 30000ms exceeded while running &quot;beforeEach&quot; hook." type="Error">
<![CDATA[  [chromium] › fnb.spec.ts:11:7 › KASIRSOLO FnB - Restaurant POS Flow › FnB-01: Should load FnB app successfully 

    Test timeout of 30000ms exceeded while running "beforeEach" hook.

      4 |
      5 | test.describe('KASIRSOLO FnB - Restaurant POS Flow', () => {
    > 6 |   test.beforeEach(async ({ page }) => {
        |        ^
      7 |     await page.goto('http://localhost:3003');
      8 |     await page.waitForLoadState('networkidle');
      9 |   });
        at C:\Users\Admin\.copilot\copilot-worktrees\kasirsolo-pos\boskasirsolo-effective-sniffle\e2e\fnb.spec.ts:6:8

    Error: page.goto: net::ERR_ABORTED; maybe frame was detached?
    Call log:
      - navigating to "http://localhost:3003/", waiting until "load"


       5 | test.describe('KASIRSOLO FnB - Restaurant POS Flow', () => {
       6 |   test.beforeEach(async ({ page }) => {
    >  7 |     await page.goto('http://localhost:3003');
         |                ^
       8 |     await page.waitForLoadState('networkidle');
       9 |   });
      10 |
        at C:\Users\Admin\.copilot\copilot-worktrees\kasirsolo-pos\boskasirsolo-effective-sniffle\e2e\fnb.spec.ts:7:16

    attachment #1: video (video/webm) ──────────────────────────────────────────────────────────────
    ..\test-results\fnb-KASIRSOLO-FnB---Restau-7189f-d-load-FnB-app-successfully-chromium\video.webm
    ────────────────────────────────────────────────────────────────────────────────────────────────

    Error Context: ..\test-results\fnb-KASIRSOLO-FnB---Restau-7189f-d-load-FnB-app-successfully-chromium\error-context.md
]]>
</error>
</testcase>
<testcase name="KASIRSOLO FnB - Restaurant POS Flow › FnB-02: Should display product catalog" classname="fnb.spec.ts" time="55.89">
<system-out>
<![CDATA[
[[ATTACHMENT|fnb-KASIRSOLO-FnB---Restau-a9a6c-uld-display-product-catalog-chromium\video.webm]]

[[ATTACHMENT|fnb-KASIRSOLO-FnB---Restau-a9a6c-uld-display-product-catalog-chromium\error-context.md]]
]]>
</system-out>
<error message="Test timeout of 30000ms exceeded while running &quot;beforeEach&quot; hook." type="Error">
<![CDATA[  [chromium] › fnb.spec.ts:18:7 › KASIRSOLO FnB - Restaurant POS Flow › FnB-02: Should display product catalog 

    Test timeout of 30000ms exceeded while running "beforeEach" hook.

      4 |
      5 | test.describe('KASIRSOLO FnB - Restaurant POS Flow', () => {
    > 6 |   test.beforeEach(async ({ page }) => {
        |        ^
      7 |     await page.goto('http://localhost:3003');
      8 |     await page.waitForLoadState('networkidle');
      9 |   });
        at C:\Users\Admin\.copilot\copilot-worktrees\kasirsolo-pos\boskasirsolo-effective-sniffle\e2e\fnb.spec.ts:6:8

    Error: page.goto: net::ERR_ABORTED; maybe frame was detached?
    Call log:
      - navigating to "http://localhost:3003/", waiting until "load"


       5 | test.describe('KASIRSOLO FnB - Restaurant POS Flow', () => {
       6 |   test.beforeEach(async ({ page }) => {
    >  7 |     await page.goto('http://localhost:3003');
         |                ^
       8 |     await page.waitForLoadState('networkidle');
       9 |   });
      10 |
        at C:\Users\Admin\.copilot\copilot-worktrees\kasirsolo-pos\boskasirsolo-effective-sniffle\e2e\fnb.spec.ts:7:16

    attachment #1: video (video/webm) ──────────────────────────────────────────────────────────────
    ..\test-results\fnb-KASIRSOLO-FnB---Restau-a9a6c-uld-display-product-catalog-chromium\video.webm
    ────────────────────────────────────────────────────────────────────────────────────────────────

    Error Context: ..\test-results\fnb-KASIRSOLO-FnB---Restau-a9a6c-uld-display-product-catalog-chromium\error-context.md
]]>
</error>
</testcase>
<testcase name="KASIRSOLO FnB - Restaurant POS Flow › FnB-03: Should add single item to cart" classname="fnb.spec.ts" time="12.113">
</testcase>
<testcase name="KASIRSOLO FnB - Restaurant POS Flow › FnB-04: Should add multiple items to cart" classname="fnb.spec.ts" time="12.215">
</testcase>
<testcase name="KASIRSOLO FnB - Restaurant POS Flow › FnB-05: Should open cart and view items" classname="fnb.spec.ts" time="37.364">
<system-out>
<![CDATA[
[[ATTACHMENT|fnb-KASIRSOLO-FnB---Restau-3a096-ld-open-cart-and-view-items-chromium\test-failed-1.png]]

[[ATTACHMENT|fnb-KASIRSOLO-FnB---Restau-3a096-ld-open-cart-and-view-items-chromium\video.webm]]

[[ATTACHMENT|fnb-KASIRSOLO-FnB---Restau-3a096-ld-open-cart-and-view-items-chromium\error-context.md]]
]]>
</system-out>
<error message="Test timeout of 30000ms exceeded." type="Error">
<![CDATA[  [chromium] › fnb.spec.ts:53:7 › KASIRSOLO FnB - Restaurant POS Flow › FnB-05: Should open cart and view items 

    Test timeout of 30000ms exceeded.

    Error: locator.click: Test timeout of 30000ms exceeded.
    Call log:
      - waiting for locator('button:has-text("Tambah"), button:has-text("Add"), [data-testid*="add"]').first()


      54 |     // Klik tombol add pertama
      55 |     const addBtn = page.locator('button:has-text("Tambah"), button:has-text("Add"), [data-testid*="add"]').first();
    > 56 |     await addBtn.click();
         |                  ^
      57 |     await page.waitForTimeout(300);
      58 |     
      59 |     // Buka cart
        at C:\Users\Admin\.copilot\copilot-worktrees\kasirsolo-pos\boskasirsolo-effective-sniffle\e2e\fnb.spec.ts:56:18

    attachment #1: screenshot (image/png) ──────────────────────────────────────────────────────────
    ..\test-results\fnb-KASIRSOLO-FnB---Restau-3a096-ld-open-cart-and-view-items-chromium\test-failed-1.png
    ────────────────────────────────────────────────────────────────────────────────────────────────

    attachment #2: video (video/webm) ──────────────────────────────────────────────────────────────
    ..\test-results\fnb-KASIRSOLO-FnB---Restau-3a096-ld-open-cart-and-view-items-chromium\video.webm
    ────────────────────────────────────────────────────────────────────────────────────────────────

    Error Context: ..\test-results\fnb-KASIRSOLO-FnB---Restau-3a096-ld-open-cart-and-view-items-chromium\error-context.md
]]>
</error>
</testcase>
<testcase name="KASIRSOLO FnB - Restaurant POS Flow › FnB-06: Should update item quantity" classname="fnb.spec.ts" time="37.254">
<system-out>
<![CDATA[
[[ATTACHMENT|fnb-KASIRSOLO-FnB---Restau-d0cff-Should-update-item-quantity-chromium\test-failed-1.png]]

[[ATTACHMENT|fnb-KASIRSOLO-FnB---Restau-d0cff-Should-update-item-quantity-chromium\video.webm]]

[[ATTACHMENT|fnb-KASIRSOLO-FnB---Restau-d0cff-Should-update-item-quantity-chromium\error-context.md]]
]]>
</system-out>
<error message="Test timeout of 30000ms exceeded." type="Error">
<![CDATA[  [chromium] › fnb.spec.ts:68:7 › KASIRSOLO FnB - Restaurant POS Flow › FnB-06: Should update item quantity 

    Test timeout of 30000ms exceeded.

    Error: locator.click: Test timeout of 30000ms exceeded.
    Call log:
      - waiting for locator('button:has-text("Tambah"), button:has-text("Add"), [data-testid*="add"]').first()


      69 |     // Add item dulu
      70 |     const addBtn = page.locator('button:has-text("Tambah"), button:has-text("Add"), [data-testid*="add"]').first();
    > 71 |     await addBtn.click();
         |                  ^
      72 |     
      73 |     // Open cart
      74 |     const cartIcon = page.locator('[data-testid="cart-icon"], button:has-text("Keranjang")').first();
        at C:\Users\Admin\.copilot\copilot-worktrees\kasirsolo-pos\boskasirsolo-effective-sniffle\e2e\fnb.spec.ts:71:18

    attachment #1: screenshot (image/png) ──────────────────────────────────────────────────────────
    ..\test-results\fnb-KASIRSOLO-FnB---Restau-d0cff-Should-update-item-quantity-chromium\test-failed-1.png
    ────────────────────────────────────────────────────────────────────────────────────────────────

    attachment #2: video (video/webm) ──────────────────────────────────────────────────────────────
    ..\test-results\fnb-KASIRSOLO-FnB---Restau-d0cff-Should-update-item-quantity-chromium\video.webm
    ────────────────────────────────────────────────────────────────────────────────────────────────

    Error Context: ..\test-results\fnb-KASIRSOLO-FnB---Restau-d0cff-Should-update-item-quantity-chromium\error-context.md
]]>
</error>
</testcase>
<testcase name="KASIRSOLO FnB - Restaurant POS Flow › FnB-07: Should proceed to checkout" classname="fnb.spec.ts" time="38.331">
<system-out>
<![CDATA[
[[ATTACHMENT|fnb-KASIRSOLO-FnB---Restau-039d8--Should-proceed-to-checkout-chromium\test-failed-1.png]]

[[ATTACHMENT|fnb-KASIRSOLO-FnB---Restau-039d8--Should-proceed-to-checkout-chromium\video.webm]]

[[ATTACHMENT|fnb-KASIRSOLO-FnB---Restau-039d8--Should-proceed-to-checkout-chromium\error-context.md]]
]]>
</system-out>
<error message="Test timeout of 30000ms exceeded." type="Error">
<![CDATA[  [chromium] › fnb.spec.ts:87:7 › KASIRSOLO FnB - Restaurant POS Flow › FnB-07: Should proceed to checkout 

    Test timeout of 30000ms exceeded.

    Error: locator.click: Test timeout of 30000ms exceeded.
    Call log:
      - waiting for locator('button:has-text("Tambah"), button:has-text("Add"), [data-testid*="add"]').first()


      88 |     // Add item
      89 |     const addBtn = page.locator('button:has-text("Tambah"), button:has-text("Add"), [data-testid*="add"]').first();
    > 90 |     await addBtn.click();
         |                  ^
      91 |     
      92 |     // Go to checkout
      93 |     const checkoutBtn = page.locator('button:has-text("Checkout"), button:has-text("Pesan"), button:has-text("Proses")').first();
        at C:\Users\Admin\.copilot\copilot-worktrees\kasirsolo-pos\boskasirsolo-effective-sniffle\e2e\fnb.spec.ts:90:18

    attachment #1: screenshot (image/png) ──────────────────────────────────────────────────────────
    ..\test-results\fnb-KASIRSOLO-FnB---Restau-039d8--Should-proceed-to-checkout-chromium\test-failed-1.png
    ────────────────────────────────────────────────────────────────────────────────────────────────

    attachment #2: video (video/webm) ──────────────────────────────────────────────────────────────
    ..\test-results\fnb-KASIRSOLO-FnB---Restau-039d8--Should-proceed-to-checkout-chromium\video.webm
    ────────────────────────────────────────────────────────────────────────────────────────────────

    Error Context: ..\test-results\fnb-KASIRSOLO-FnB---Restau-039d8--Should-proceed-to-checkout-chromium\error-context.md
]]>
</error>
</testcase>
<testcase name="KASIRSOLO FnB - Restaurant POS Flow › FnB-08: Should handle empty cart removal" classname="fnb.spec.ts" time="38.309">
<system-out>
<![CDATA[
[[ATTACHMENT|fnb-KASIRSOLO-FnB---Restau-648df-d-handle-empty-cart-removal-chromium\test-failed-1.png]]

[[ATTACHMENT|fnb-KASIRSOLO-FnB---Restau-648df-d-handle-empty-cart-removal-chromium\video.webm]]

[[ATTACHMENT|fnb-KASIRSOLO-FnB---Restau-648df-d-handle-empty-cart-removal-chromium\error-context.md]]
]]>
</system-out>
<error message="Test timeout of 30000ms exceeded." type="Error">
<![CDATA[  [chromium] › fnb.spec.ts:104:7 › KASIRSOLO FnB - Restaurant POS Flow › FnB-08: Should handle empty cart removal 

    Test timeout of 30000ms exceeded.

    Error: locator.click: Test timeout of 30000ms exceeded.
    Call log:
      - waiting for locator('button:has-text("Tambah"), button:has-text("Add")').first()


      105 |     // Add and remove item
      106 |     const addBtn = page.locator('button:has-text("Tambah"), button:has-text("Add")').first();
    > 107 |     await addBtn.click();
          |                  ^
      108 |     
      109 |     const cartIcon = page.locator('[data-testid="cart-icon"], button:has-text("Keranjang")').first();
      110 |     await cartIcon.click();
        at C:\Users\Admin\.copilot\copilot-worktrees\kasirsolo-pos\boskasirsolo-effective-sniffle\e2e\fnb.spec.ts:107:18

    attachment #1: screenshot (image/png) ──────────────────────────────────────────────────────────
    ..\test-results\fnb-KASIRSOLO-FnB---Restau-648df-d-handle-empty-cart-removal-chromium\test-failed-1.png
    ────────────────────────────────────────────────────────────────────────────────────────────────

    attachment #2: video (video/webm) ──────────────────────────────────────────────────────────────
    ..\test-results\fnb-KASIRSOLO-FnB---Restau-648df-d-handle-empty-cart-removal-chromium\video.webm
    ────────────────────────────────────────────────────────────────────────────────────────────────

    Error Context: ..\test-results\fnb-KASIRSOLO-FnB---Restau-648df-d-handle-empty-cart-removal-chromium\error-context.md
]]>
</error>
</testcase>
<testcase name="KASIRSOLO FnB - Restaurant POS Flow › FnB-09: Should validate price display" classname="fnb.spec.ts" time="3.399">
<system-out>
<![CDATA[
[[ATTACHMENT|fnb-KASIRSOLO-FnB---Restau-a87f6-ould-validate-price-display-chromium\test-failed-1.png]]

[[ATTACHMENT|fnb-KASIRSOLO-FnB---Restau-a87f6-ould-validate-price-display-chromium\video.webm]]

[[ATTACHMENT|fnb-KASIRSOLO-FnB---Restau-a87f6-ould-validate-price-display-chromium\error-context.md]]
]]>
</system-out>
<failure message="expect(received).toBeGreaterThan(expected)" type="expect.toBeGreaterThan">
<![CDATA[  [chromium] › fnb.spec.ts:120:7 › KASIRSOLO FnB - Restaurant POS Flow › FnB-09: Should validate price display 

    Error: expect(received).toBeGreaterThan(expected)

    Expected: > 0
    Received:   0

      121 |     const prices = page.locator('text=/Rp\\s*\\d+/');
      122 |     const count = await prices.count();
    > 123 |     expect(count).toBeGreaterThan(0);
          |                   ^
      124 |   });
      125 |
      126 |   test('FnB-10: Should support keyboard navigation', async ({ page }) => {
        at C:\Users\Admin\.copilot\copilot-worktrees\kasirsolo-pos\boskasirsolo-effective-sniffle\e2e\fnb.spec.ts:123:19

    attachment #1: screenshot (image/png) ──────────────────────────────────────────────────────────
    ..\test-results\fnb-KASIRSOLO-FnB---Restau-a87f6-ould-validate-price-display-chromium\test-failed-1.png
    ────────────────────────────────────────────────────────────────────────────────────────────────

    attachment #2: video (video/webm) ──────────────────────────────────────────────────────────────
    ..\test-results\fnb-KASIRSOLO-FnB---Restau-a87f6-ould-validate-price-display-chromium\video.webm
    ────────────────────────────────────────────────────────────────────────────────────────────────

    Error Context: ..\test-results\fnb-KASIRSOLO-FnB---Restau-a87f6-ould-validate-price-display-chromium\error-context.md
]]>
</failure>
</testcase>
<testcase name="KASIRSOLO FnB - Restaurant POS Flow › FnB-10: Should support keyboard navigation" classname="fnb.spec.ts" time="37.804">
<system-out>
<![CDATA[
[[ATTACHMENT|fnb-KASIRSOLO-FnB---Restau-69e4f-support-keyboard-navigation-chromium\test-failed-1.png]]

[[ATTACHMENT|fnb-KASIRSOLO-FnB---Restau-69e4f-support-keyboard-navigation-chromium\video.webm]]

[[ATTACHMENT|fnb-KASIRSOLO-FnB---Restau-69e4f-support-keyboard-navigation-chromium\error-context.md]]
]]>
</system-out>
<error message="Test timeout of 30000ms exceeded." type="Error">
<![CDATA[  [chromium] › fnb.spec.ts:126:7 › KASIRSOLO FnB - Restaurant POS Flow › FnB-10: Should support keyboard navigation 

    Test timeout of 30000ms exceeded.

    Error: locator.focus: Test timeout of 30000ms exceeded.
    Call log:
      - waiting for locator('button:has-text("Tambah"), button:has-text("Add")').first()


      126 |   test('FnB-10: Should support keyboard navigation', async ({ page }) => {
      127 |     const addBtn = page.locator('button:has-text("Tambah"), button:has-text("Add")').first();
    > 128 |     await addBtn.focus();
          |                  ^
      129 |     expect(await addBtn.evaluate((el) => el === document.activeElement)).toBeTruthy();
      130 |     
      131 |     await page.keyboard.press('Enter');
        at C:\Users\Admin\.copilot\copilot-worktrees\kasirsolo-pos\boskasirsolo-effective-sniffle\e2e\fnb.spec.ts:128:18

    attachment #1: screenshot (image/png) ──────────────────────────────────────────────────────────
    ..\test-results\fnb-KASIRSOLO-FnB---Restau-69e4f-support-keyboard-navigation-chromium\test-failed-1.png
    ────────────────────────────────────────────────────────────────────────────────────────────────

    attachment #2: video (video/webm) ──────────────────────────────────────────────────────────────
    ..\test-results\fnb-KASIRSOLO-FnB---Restau-69e4f-support-keyboard-navigation-chromium\video.webm
    ────────────────────────────────────────────────────────────────────────────────────────────────

    Error Context: ..\test-results\fnb-KASIRSOLO-FnB---Restau-69e4f-support-keyboard-navigation-chromium\error-context.md
]]>
</error>
</testcase>
</testsuite>
<testsuite name="retail.spec.ts" timestamp="2026-07-23T07:46:06.732Z" hostname="chromium" tests="12" failures="1" skipped="0" time="375.404" errors="8">
<testcase name="KASIRSOLO Retail - Store POS Flow › Retail-01: Should load Retail app successfully" classname="retail.spec.ts" time="51.665">
<system-out>
<![CDATA[
[[ATTACHMENT|retail-KASIRSOLO-Retail----075ca-oad-Retail-app-successfully-chromium\video.webm]]

[[ATTACHMENT|retail-KASIRSOLO-Retail----075ca-oad-Retail-app-successfully-chromium\error-context.md]]
]]>
</system-out>
<error message="Test timeout of 30000ms exceeded while running &quot;beforeEach&quot; hook." type="Error">
<![CDATA[  [chromium] › retail.spec.ts:11:7 › KASIRSOLO Retail - Store POS Flow › Retail-01: Should load Retail app successfully 

    Test timeout of 30000ms exceeded while running "beforeEach" hook.

      4 |
      5 | test.describe('KASIRSOLO Retail - Store POS Flow', () => {
    > 6 |   test.beforeEach(async ({ page }) => {
        |        ^
      7 |     await page.goto('http://localhost:3010');
      8 |     await page.waitForLoadState('networkidle');
      9 |   });
        at C:\Users\Admin\.copilot\copilot-worktrees\kasirsolo-pos\boskasirsolo-effective-sniffle\e2e\retail.spec.ts:6:8

    Error: page.goto: net::ERR_ABORTED; maybe frame was detached?
    Call log:
      - navigating to "http://localhost:3010/", waiting until "load"


       5 | test.describe('KASIRSOLO Retail - Store POS Flow', () => {
       6 |   test.beforeEach(async ({ page }) => {
    >  7 |     await page.goto('http://localhost:3010');
         |                ^
       8 |     await page.waitForLoadState('networkidle');
       9 |   });
      10 |
        at C:\Users\Admin\.copilot\copilot-worktrees\kasirsolo-pos\boskasirsolo-effective-sniffle\e2e\retail.spec.ts:7:16

    attachment #1: video (video/webm) ──────────────────────────────────────────────────────────────
    ..\test-results\retail-KASIRSOLO-Retail----075ca-oad-Retail-app-successfully-chromium\video.webm
    ────────────────────────────────────────────────────────────────────────────────────────────────

    Error Context: ..\test-results\retail-KASIRSOLO-Retail----075ca-oad-Retail-app-successfully-chromium\error-context.md
]]>
</error>
</testcase>
<testcase name="KASIRSOLO Retail - Store POS Flow › Retail-02: Should display product list" classname="retail.spec.ts" time="52.228">
<system-out>
<![CDATA[
[[ATTACHMENT|retail-KASIRSOLO-Retail----f3efd-Should-display-product-list-chromium\video.webm]]

[[ATTACHMENT|retail-KASIRSOLO-Retail----f3efd-Should-display-product-list-chromium\error-context.md]]
]]>
</system-out>
<error message="Test timeout of 30000ms exceeded while running &quot;beforeEach&quot; hook." type="Error">
<![CDATA[  [chromium] › retail.spec.ts:18:7 › KASIRSOLO Retail - Store POS Flow › Retail-02: Should display product list 

    Test timeout of 30000ms exceeded while running "beforeEach" hook.

      4 |
      5 | test.describe('KASIRSOLO Retail - Store POS Flow', () => {
    > 6 |   test.beforeEach(async ({ page }) => {
        |        ^
      7 |     await page.goto('http://localhost:3010');
      8 |     await page.waitForLoadState('networkidle');
      9 |   });
        at C:\Users\Admin\.copilot\copilot-worktrees\kasirsolo-pos\boskasirsolo-effective-sniffle\e2e\retail.spec.ts:6:8

    attachment #1: video (video/webm) ──────────────────────────────────────────────────────────────
    ..\test-results\retail-KASIRSOLO-Retail----f3efd-Should-display-product-list-chromium\video.webm
    ────────────────────────────────────────────────────────────────────────────────────────────────

    Error Context: ..\test-results\retail-KASIRSOLO-Retail----f3efd-Should-display-product-list-chromium\error-context.md
]]>
</error>
</testcase>
<testcase name="KASIRSOLO Retail - Store POS Flow › Retail-03: Should add single product to cart" classname="retail.spec.ts" time="28.001">
</testcase>
<testcase name="KASIRSOLO Retail - Store POS Flow › Retail-04: Should add multiple products" classname="retail.spec.ts" time="6.708">
</testcase>
<testcase name="KASIRSOLO Retail - Store POS Flow › Retail-05: Should view shopping cart" classname="retail.spec.ts" time="39.417">
<system-out>
<![CDATA[
[[ATTACHMENT|retail-KASIRSOLO-Retail----08fb1-5-Should-view-shopping-cart-chromium\test-failed-1.png]]

[[ATTACHMENT|retail-KASIRSOLO-Retail----08fb1-5-Should-view-shopping-cart-chromium\video.webm]]

[[ATTACHMENT|retail-KASIRSOLO-Retail----08fb1-5-Should-view-shopping-cart-chromium\error-context.md]]
]]>
</system-out>
<error message="Test timeout of 30000ms exceeded." type="Error">
<![CDATA[  [chromium] › retail.spec.ts:55:7 › KASIRSOLO Retail - Store POS Flow › Retail-05: Should view shopping cart 

    Test timeout of 30000ms exceeded.

    Error: locator.click: Test timeout of 30000ms exceeded.
    Call log:
      - waiting for locator('button:has-text("Tambah"), button:has-text("Add"), [data-testid*="add"]').first()


      56 |     // Add item dulu
      57 |     const addBtn = page.locator('button:has-text("Tambah"), button:has-text("Add"), [data-testid*="add"]').first();
    > 58 |     await addBtn.click();
         |                  ^
      59 |     await page.waitForTimeout(300);
      60 |     
      61 |     // Open cart
        at C:\Users\Admin\.copilot\copilot-worktrees\kasirsolo-pos\boskasirsolo-effective-sniffle\e2e\retail.spec.ts:58:18

    attachment #1: screenshot (image/png) ──────────────────────────────────────────────────────────
    ..\test-results\retail-KASIRSOLO-Retail----08fb1-5-Should-view-shopping-cart-chromium\test-failed-1.png
    ────────────────────────────────────────────────────────────────────────────────────────────────

    attachment #2: video (video/webm) ──────────────────────────────────────────────────────────────
    ..\test-results\retail-KASIRSOLO-Retail----08fb1-5-Should-view-shopping-cart-chromium\video.webm
    ────────────────────────────────────────────────────────────────────────────────────────────────

    Error Context: ..\test-results\retail-KASIRSOLO-Retail----08fb1-5-Should-view-shopping-cart-chromium\error-context.md
]]>
</error>
</testcase>
<testcase name="KASIRSOLO Retail - Store POS Flow › Retail-06: Should modify item quantity in cart" classname="retail.spec.ts" time="39.538">
<system-out>
<![CDATA[
[[ATTACHMENT|retail-KASIRSOLO-Retail----566b1-odify-item-quantity-in-cart-chromium\test-failed-1.png]]

[[ATTACHMENT|retail-KASIRSOLO-Retail----566b1-odify-item-quantity-in-cart-chromium\video.webm]]

[[ATTACHMENT|retail-KASIRSOLO-Retail----566b1-odify-item-quantity-in-cart-chromium\error-context.md]]
]]>
</system-out>
<error message="Test timeout of 30000ms exceeded." type="Error">
<![CDATA[  [chromium] › retail.spec.ts:70:7 › KASIRSOLO Retail - Store POS Flow › Retail-06: Should modify item quantity in cart 

    Test timeout of 30000ms exceeded.

    Error: locator.click: Test timeout of 30000ms exceeded.
    Call log:
      - waiting for locator('button:has-text("Tambah"), button:has-text("Add")').first()


      71 |     // Add item
      72 |     const addBtn = page.locator('button:has-text("Tambah"), button:has-text("Add")').first();
    > 73 |     await addBtn.click();
         |                  ^
      74 |     
      75 |     // Open cart
      76 |     const cartBtn = page.locator('[data-testid="cart-icon"], button:has-text("Keranjang")').first();
        at C:\Users\Admin\.copilot\copilot-worktrees\kasirsolo-pos\boskasirsolo-effective-sniffle\e2e\retail.spec.ts:73:18

    attachment #1: screenshot (image/png) ──────────────────────────────────────────────────────────
    ..\test-results\retail-KASIRSOLO-Retail----566b1-odify-item-quantity-in-cart-chromium\test-failed-1.png
    ────────────────────────────────────────────────────────────────────────────────────────────────

    attachment #2: video (video/webm) ──────────────────────────────────────────────────────────────
    ..\test-results\retail-KASIRSOLO-Retail----566b1-odify-item-quantity-in-cart-chromium\video.webm
    ────────────────────────────────────────────────────────────────────────────────────────────────

    Error Context: ..\test-results\retail-KASIRSOLO-Retail----566b1-odify-item-quantity-in-cart-chromium\error-context.md
]]>
</error>
</testcase>
<testcase name="KASIRSOLO Retail - Store POS Flow › Retail-07: Should calculate total correctly" classname="retail.spec.ts" time="38.68">
<system-out>
<![CDATA[
[[ATTACHMENT|retail-KASIRSOLO-Retail----d8c11-d-calculate-total-correctly-chromium\test-failed-1.png]]

[[ATTACHMENT|retail-KASIRSOLO-Retail----d8c11-d-calculate-total-correctly-chromium\video.webm]]

[[ATTACHMENT|retail-KASIRSOLO-Retail----d8c11-d-calculate-total-correctly-chromium\error-context.md]]
]]>
</system-out>
<error message="Test timeout of 30000ms exceeded." type="Error">
<![CDATA[  [chromium] › retail.spec.ts:87:7 › KASIRSOLO Retail - Store POS Flow › Retail-07: Should calculate total correctly 

    Test timeout of 30000ms exceeded.

    Error: locator.click: Test timeout of 30000ms exceeded.
    Call log:
      - waiting for locator('button:has-text("Tambah"), button:has-text("Add")').first()


      88 |     // Add items
      89 |     const addBtn = page.locator('button:has-text("Tambah"), button:has-text("Add")').first();
    > 90 |     await addBtn.click();
         |                  ^
      91 |     
      92 |     // Open cart
      93 |     const cartBtn = page.locator('[data-testid="cart-icon"], button:has-text("Keranjang")').first();
        at C:\Users\Admin\.copilot\copilot-worktrees\kasirsolo-pos\boskasirsolo-effective-sniffle\e2e\retail.spec.ts:90:18

    attachment #1: screenshot (image/png) ──────────────────────────────────────────────────────────
    ..\test-results\retail-KASIRSOLO-Retail----d8c11-d-calculate-total-correctly-chromium\test-failed-1.png
    ────────────────────────────────────────────────────────────────────────────────────────────────

    attachment #2: video (video/webm) ──────────────────────────────────────────────────────────────
    ..\test-results\retail-KASIRSOLO-Retail----d8c11-d-calculate-total-correctly-chromium\video.webm
    ────────────────────────────────────────────────────────────────────────────────────────────────

    Error Context: ..\test-results\retail-KASIRSOLO-Retail----d8c11-d-calculate-total-correctly-chromium\error-context.md
]]>
</error>
</testcase>
<testcase name="KASIRSOLO Retail - Store POS Flow › Retail-08: Should proceed to payment" classname="retail.spec.ts" time="38.657">
<system-out>
<![CDATA[
[[ATTACHMENT|retail-KASIRSOLO-Retail----73ff4-8-Should-proceed-to-payment-chromium\test-failed-1.png]]

[[ATTACHMENT|retail-KASIRSOLO-Retail----73ff4-8-Should-proceed-to-payment-chromium\video.webm]]

[[ATTACHMENT|retail-KASIRSOLO-Retail----73ff4-8-Should-proceed-to-payment-chromium\error-context.md]]
]]>
</system-out>
<error message="Test timeout of 30000ms exceeded." type="Error">
<![CDATA[  [chromium] › retail.spec.ts:105:7 › KASIRSOLO Retail - Store POS Flow › Retail-08: Should proceed to payment 

    Test timeout of 30000ms exceeded.

    Error: locator.click: Test timeout of 30000ms exceeded.
    Call log:
      - waiting for locator('button:has-text("Tambah"), button:has-text("Add")').first()


      106 |     // Add item
      107 |     const addBtn = page.locator('button:has-text("Tambah"), button:has-text("Add")').first();
    > 108 |     await addBtn.click();
          |                  ^
      109 |     
      110 |     // Go to checkout/payment
      111 |     const payBtn = page.locator('button:has-text("Bayar"), button:has-text("Lanjut"), button:has-text("Proses")').first();
        at C:\Users\Admin\.copilot\copilot-worktrees\kasirsolo-pos\boskasirsolo-effective-sniffle\e2e\retail.spec.ts:108:18

    attachment #1: screenshot (image/png) ──────────────────────────────────────────────────────────
    ..\test-results\retail-KASIRSOLO-Retail----73ff4-8-Should-proceed-to-payment-chromium\test-failed-1.png
    ────────────────────────────────────────────────────────────────────────────────────────────────

    attachment #2: video (video/webm) ──────────────────────────────────────────────────────────────
    ..\test-results\retail-KASIRSOLO-Retail----73ff4-8-Should-proceed-to-payment-chromium\video.webm
    ────────────────────────────────────────────────────────────────────────────────────────────────

    Error Context: ..\test-results\retail-KASIRSOLO-Retail----73ff4-8-Should-proceed-to-payment-chromium\error-context.md
]]>
</error>
</testcase>
<testcase name="KASIRSOLO Retail - Store POS Flow › Retail-09: Should remove item from cart" classname="retail.spec.ts" time="35.811">
<system-out>
<![CDATA[
[[ATTACHMENT|retail-KASIRSOLO-Retail----c66de-hould-remove-item-from-cart-chromium\test-failed-1.png]]

[[ATTACHMENT|retail-KASIRSOLO-Retail----c66de-hould-remove-item-from-cart-chromium\video.webm]]

[[ATTACHMENT|retail-KASIRSOLO-Retail----c66de-hould-remove-item-from-cart-chromium\error-context.md]]
]]>
</system-out>
<error message="Test timeout of 30000ms exceeded." type="Error">
<![CDATA[  [chromium] › retail.spec.ts:122:7 › KASIRSOLO Retail - Store POS Flow › Retail-09: Should remove item from cart 

    Test timeout of 30000ms exceeded.

    Error: locator.click: Test timeout of 30000ms exceeded.
    Call log:
      - waiting for locator('button:has-text("Tambah"), button:has-text("Add")').first()


      123 |     // Add item
      124 |     const addBtn = page.locator('button:has-text("Tambah"), button:has-text("Add")').first();
    > 125 |     await addBtn.click();
          |                  ^
      126 |     
      127 |     // Open cart
      128 |     const cartBtn = page.locator('[data-testid="cart-icon"], button:has-text("Keranjang")').first();
        at C:\Users\Admin\.copilot\copilot-worktrees\kasirsolo-pos\boskasirsolo-effective-sniffle\e2e\retail.spec.ts:125:18

    attachment #1: screenshot (image/png) ──────────────────────────────────────────────────────────
    ..\test-results\retail-KASIRSOLO-Retail----c66de-hould-remove-item-from-cart-chromium\test-failed-1.png
    ────────────────────────────────────────────────────────────────────────────────────────────────

    attachment #2: video (video/webm) ──────────────────────────────────────────────────────────────
    ..\test-results\retail-KASIRSOLO-Retail----c66de-hould-remove-item-from-cart-chromium\video.webm
    ────────────────────────────────────────────────────────────────────────────────────────────────

    Error Context: ..\test-results\retail-KASIRSOLO-Retail----c66de-hould-remove-item-from-cart-chromium\error-context.md
]]>
</error>
</testcase>
<testcase name="KASIRSOLO Retail - Store POS Flow › Retail-10: Should handle currency formatting" classname="retail.spec.ts" time="2.694">
<system-out>
<![CDATA[
[[ATTACHMENT|retail-KASIRSOLO-Retail----0a9d1--handle-currency-formatting-chromium\test-failed-1.png]]

[[ATTACHMENT|retail-KASIRSOLO-Retail----0a9d1--handle-currency-formatting-chromium\video.webm]]

[[ATTACHMENT|retail-KASIRSOLO-Retail----0a9d1--handle-currency-formatting-chromium\error-context.md]]
]]>
</system-out>
<failure message="expect(received).toBeGreaterThan(expected)" type="expect.toBeGreaterThan">
<![CDATA[  [chromium] › retail.spec.ts:139:7 › KASIRSOLO Retail - Store POS Flow › Retail-10: Should handle currency formatting 

    Error: expect(received).toBeGreaterThan(expected)

    Expected: > 0
    Received:   0

      140 |     const prices = page.locator('text=/Rp\\s*\\d+/');
      141 |     const count = await prices.count();
    > 142 |     expect(count).toBeGreaterThan(0);
          |                   ^
      143 |     
      144 |     const firstPrice = await prices.first().textContent();
      145 |     expect(firstPrice).toMatch(/Rp\s*\d+/);
        at C:\Users\Admin\.copilot\copilot-worktrees\kasirsolo-pos\boskasirsolo-effective-sniffle\e2e\retail.spec.ts:142:19

    attachment #1: screenshot (image/png) ──────────────────────────────────────────────────────────
    ..\test-results\retail-KASIRSOLO-Retail----0a9d1--handle-currency-formatting-chromium\test-failed-1.png
    ────────────────────────────────────────────────────────────────────────────────────────────────

    attachment #2: video (video/webm) ──────────────────────────────────────────────────────────────
    ..\test-results\retail-KASIRSOLO-Retail----0a9d1--handle-currency-formatting-chromium\video.webm
    ────────────────────────────────────────────────────────────────────────────────────────────────

    Error Context: ..\test-results\retail-KASIRSOLO-Retail----0a9d1--handle-currency-formatting-chromium\error-context.md
]]>
</failure>
</testcase>
<testcase name="KASIRSOLO Retail - Store POS Flow › Retail-11: Should support discount/promo input" classname="retail.spec.ts" time="38.54">
<system-out>
<![CDATA[
[[ATTACHMENT|retail-KASIRSOLO-Retail----98781-upport-discount-promo-input-chromium\test-failed-1.png]]

[[ATTACHMENT|retail-KASIRSOLO-Retail----98781-upport-discount-promo-input-chromium\video.webm]]

[[ATTACHMENT|retail-KASIRSOLO-Retail----98781-upport-discount-promo-input-chromium\error-context.md]]
]]>
</system-out>
<error message="Test timeout of 30000ms exceeded." type="Error">
<![CDATA[  [chromium] › retail.spec.ts:148:7 › KASIRSOLO Retail - Store POS Flow › Retail-11: Should support discount/promo input 

    Test timeout of 30000ms exceeded.

    Error: locator.click: Test timeout of 30000ms exceeded.
    Call log:
      - waiting for locator('button:has-text("Tambah"), button:has-text("Add")').first()


      149 |     // Add item
      150 |     const addBtn = page.locator('button:has-text("Tambah"), button:has-text("Add")').first();
    > 151 |     await addBtn.click();
          |                  ^
      152 |     
      153 |     // Check for discount input
      154 |     const discountInput = page.locator('[data-testid="discount"], input[placeholder*="Diskon"], input[placeholder*="Promo"]').first();
        at C:\Users\Admin\.copilot\copilot-worktrees\kasirsolo-pos\boskasirsolo-effective-sniffle\e2e\retail.spec.ts:151:18

    attachment #1: screenshot (image/png) ──────────────────────────────────────────────────────────
    ..\test-results\retail-KASIRSOLO-Retail----98781-upport-discount-promo-input-chromium\test-failed-1.png
    ────────────────────────────────────────────────────────────────────────────────────────────────

    attachment #2: video (video/webm) ──────────────────────────────────────────────────────────────
    ..\test-results\retail-KASIRSOLO-Retail----98781-upport-discount-promo-input-chromium\video.webm
    ────────────────────────────────────────────────────────────────────────────────────────────────

    Error Context: ..\test-results\retail-KASIRSOLO-Retail----98781-upport-discount-promo-input-chromium\error-context.md
]]>
</error>
</testcase>
<testcase name="KASIRSOLO Retail - Store POS Flow › Retail-12: Should support search functionality" classname="retail.spec.ts" time="3.465">
</testcase>
</testsuite>
<testsuite name="fnb.spec.ts" timestamp="2026-07-23T07:46:06.732Z" hostname="firefox" tests="10" failures="0" skipped="0" time="0.115" errors="10">
<testcase name="KASIRSOLO FnB - Restaurant POS Flow › FnB-01: Should load FnB app successfully" classname="fnb.spec.ts" time="0.01">
<system-out>
<![CDATA[
[[ATTACHMENT|fnb-KASIRSOLO-FnB---Restau-7189f-d-load-FnB-app-successfully-firefox\error-context.md]]
]]>
</system-out>
<error message="browserType.launch: Executable doesn&apos;t exist at C:\Users\Admin\AppData\Local\ms-playwright\firefox-1532\firefox\firefox.exe" type="Error">
<![CDATA[  [firefox] › fnb.spec.ts:11:7 › KASIRSOLO FnB - Restaurant POS Flow › FnB-01: Should load FnB app successfully 

    Error: browserType.launch: Executable doesn't exist at C:\Users\Admin\AppData\Local\ms-playwright\firefox-1532\firefox\firefox.exe
    ╔════════════════════════════════════════════════════════════╗
    ║ Looks like Playwright was just installed or updated.       ║
    ║ Please run the following command to download new browsers: ║
    ║                                                            ║
    ║     pnpm exec playwright install                           ║
    ║                                                            ║
    ║ <3 Playwright Team                                         ║
    ╚════════════════════════════════════════════════════════════╝

    Error Context: ..\test-results\fnb-KASIRSOLO-FnB---Restau-7189f-d-load-FnB-app-successfully-firefox\error-context.md
]]>
</error>
</testcase>
<testcase name="KASIRSOLO FnB - Restaurant POS Flow › FnB-02: Should display product catalog" classname="fnb.spec.ts" time="0.01">
<system-out>
<![CDATA[
[[ATTACHMENT|fnb-KASIRSOLO-FnB---Restau-a9a6c-uld-display-product-catalog-firefox\error-context.md]]
]]>
</system-out>
<error message="browserType.launch: Executable doesn&apos;t exist at C:\Users\Admin\AppData\Local\ms-playwright\firefox-1532\firefox\firefox.exe" type="Error">
<![CDATA[  [firefox] › fnb.spec.ts:18:7 › KASIRSOLO FnB - Restaurant POS Flow › FnB-02: Should display product catalog 

    Error: browserType.launch: Executable doesn't exist at C:\Users\Admin\AppData\Local\ms-playwright\firefox-1532\firefox\firefox.exe
    ╔════════════════════════════════════════════════════════════╗
    ║ Looks like Playwright was just installed or updated.       ║
    ║ Please run the following command to download new browsers: ║
    ║                                                            ║
    ║     pnpm exec playwright install                           ║
    ║                                                            ║
    ║ <3 Playwright Team                                         ║
    ╚════════════════════════════════════════════════════════════╝

    Error Context: ..\test-results\fnb-KASIRSOLO-FnB---Restau-a9a6c-uld-display-product-catalog-firefox\error-context.md
]]>
</error>
</testcase>
<testcase name="KASIRSOLO FnB - Restaurant POS Flow › FnB-03: Should add single item to cart" classname="fnb.spec.ts" time="0.01">
<system-out>
<![CDATA[
[[ATTACHMENT|fnb-KASIRSOLO-FnB---Restau-3e327-uld-add-single-item-to-cart-firefox\error-context.md]]
]]>
</system-out>
<error message="browserType.launch: Executable doesn&apos;t exist at C:\Users\Admin\AppData\Local\ms-playwright\firefox-1532\firefox\firefox.exe" type="Error">
<![CDATA[  [firefox] › fnb.spec.ts:24:7 › KASIRSOLO FnB - Restaurant POS Flow › FnB-03: Should add single item to cart 

    Error: browserType.launch: Executable doesn't exist at C:\Users\Admin\AppData\Local\ms-playwright\firefox-1532\firefox\firefox.exe
    ╔════════════════════════════════════════════════════════════╗
    ║ Looks like Playwright was just installed or updated.       ║
    ║ Please run the following command to download new browsers: ║
    ║                                                            ║
    ║     pnpm exec playwright install                           ║
    ║                                                            ║
    ║ <3 Playwright Team                                         ║
    ╚════════════════════════════════════════════════════════════╝

    Error Context: ..\test-results\fnb-KASIRSOLO-FnB---Restau-3e327-uld-add-single-item-to-cart-firefox\error-context.md
]]>
</error>
</testcase>
<testcase name="KASIRSOLO FnB - Restaurant POS Flow › FnB-04: Should add multiple items to cart" classname="fnb.spec.ts" time="0.009">
<system-out>
<![CDATA[
[[ATTACHMENT|fnb-KASIRSOLO-FnB---Restau-25409--add-multiple-items-to-cart-firefox\error-context.md]]
]]>
</system-out>
<error message="browserType.launch: Executable doesn&apos;t exist at C:\Users\Admin\AppData\Local\ms-playwright\firefox-1532\firefox\firefox.exe" type="Error">
<![CDATA[  [firefox] › fnb.spec.ts:38:7 › KASIRSOLO FnB - Restaurant POS Flow › FnB-04: Should add multiple items to cart 

    Error: browserType.launch: Executable doesn't exist at C:\Users\Admin\AppData\Local\ms-playwright\firefox-1532\firefox\firefox.exe
    ╔════════════════════════════════════════════════════════════╗
    ║ Looks like Playwright was just installed or updated.       ║
    ║ Please run the following command to download new browsers: ║
    ║                                                            ║
    ║     pnpm exec playwright install                           ║
    ║                                                            ║
    ║ <3 Playwright Team                                         ║
    ╚════════════════════════════════════════════════════════════╝

    Error Context: ..\test-results\fnb-KASIRSOLO-FnB---Restau-25409--add-multiple-items-to-cart-firefox\error-context.md
]]>
</error>
</testcase>
<testcase name="KASIRSOLO FnB - Restaurant POS Flow › FnB-05: Should open cart and view items" classname="fnb.spec.ts" time="0.011">
<system-out>
<![CDATA[
[[ATTACHMENT|fnb-KASIRSOLO-FnB---Restau-3a096-ld-open-cart-and-view-items-firefox\error-context.md]]
]]>
</system-out>
<error message="browserType.launch: Executable doesn&apos;t exist at C:\Users\Admin\AppData\Local\ms-playwright\firefox-1532\firefox\firefox.exe" type="Error">
<![CDATA[  [firefox] › fnb.spec.ts:53:7 › KASIRSOLO FnB - Restaurant POS Flow › FnB-05: Should open cart and view items 

    Error: browserType.launch: Executable doesn't exist at C:\Users\Admin\AppData\Local\ms-playwright\firefox-1532\firefox\firefox.exe
    ╔════════════════════════════════════════════════════════════╗
    ║ Looks like Playwright was just installed or updated.       ║
    ║ Please run the following command to download new browsers: ║
    ║                                                            ║
    ║     pnpm exec playwright install                           ║
    ║                                                            ║
    ║ <3 Playwright Team                                         ║
    ╚════════════════════════════════════════════════════════════╝

    Error Context: ..\test-results\fnb-KASIRSOLO-FnB---Restau-3a096-ld-open-cart-and-view-items-firefox\error-context.md
]]>
</error>
</testcase>
<testcase name="KASIRSOLO FnB - Restaurant POS Flow › FnB-06: Should update item quantity" classname="fnb.spec.ts" time="0.012">
<system-out>
<![CDATA[
[[ATTACHMENT|fnb-KASIRSOLO-FnB---Restau-d0cff-Should-update-item-quantity-firefox\error-context.md]]
]]>
</system-out>
<error message="browserType.launch: Executable doesn&apos;t exist at C:\Users\Admin\AppData\Local\ms-playwright\firefox-1532\firefox\firefox.exe" type="Error">
<![CDATA[  [firefox] › fnb.spec.ts:68:7 › KASIRSOLO FnB - Restaurant POS Flow › FnB-06: Should update item quantity 

    Error: browserType.launch: Executable doesn't exist at C:\Users\Admin\AppData\Local\ms-playwright\firefox-1532\firefox\firefox.exe
    ╔════════════════════════════════════════════════════════════╗
    ║ Looks like Playwright was just installed or updated.       ║
    ║ Please run the following command to download new browsers: ║
    ║                                                            ║
    ║     pnpm exec playwright install                           ║
    ║                                                            ║
    ║ <3 Playwright Team                                         ║
    ╚════════════════════════════════════════════════════════════╝

    Error Context: ..\test-results\fnb-KASIRSOLO-FnB---Restau-d0cff-Should-update-item-quantity-firefox\error-context.md
]]>
</error>
</testcase>
<testcase name="KASIRSOLO FnB - Restaurant POS Flow › FnB-07: Should proceed to checkout" classname="fnb.spec.ts" time="0.012">
<system-out>
<![CDATA[
[[ATTACHMENT|fnb-KASIRSOLO-FnB---Restau-039d8--Should-proceed-to-checkout-firefox\error-context.md]]
]]>
</system-out>
<error message="browserType.launch: Executable doesn&apos;t exist at C:\Users\Admin\AppData\Local\ms-playwright\firefox-1532\firefox\firefox.exe" type="Error">
<![CDATA[  [firefox] › fnb.spec.ts:87:7 › KASIRSOLO FnB - Restaurant POS Flow › FnB-07: Should proceed to checkout 

    Error: browserType.launch: Executable doesn't exist at C:\Users\Admin\AppData\Local\ms-playwright\firefox-1532\firefox\firefox.exe
    ╔════════════════════════════════════════════════════════════╗
    ║ Looks like Playwright was just installed or updated.       ║
    ║ Please run the following command to download new browsers: ║
    ║                                                            ║
    ║     pnpm exec playwright install                           ║
    ║                                                            ║
    ║ <3 Playwright Team                                         ║
    ╚════════════════════════════════════════════════════════════╝

    Error Context: ..\test-results\fnb-KASIRSOLO-FnB---Restau-039d8--Should-proceed-to-checkout-firefox\error-context.md
]]>
</error>
</testcase>
<testcase name="KASIRSOLO FnB - Restaurant POS Flow › FnB-08: Should handle empty cart removal" classname="fnb.spec.ts" time="0.019">
<system-out>
<![CDATA[
[[ATTACHMENT|fnb-KASIRSOLO-FnB---Restau-648df-d-handle-empty-cart-removal-firefox\error-context.md]]
]]>
</system-out>
<error message="browserType.launch: Executable doesn&apos;t exist at C:\Users\Admin\AppData\Local\ms-playwright\firefox-1532\firefox\firefox.exe" type="Error">
<![CDATA[  [firefox] › fnb.spec.ts:104:7 › KASIRSOLO FnB - Restaurant POS Flow › FnB-08: Should handle empty cart removal 

    Error: browserType.launch: Executable doesn't exist at C:\Users\Admin\AppData\Local\ms-playwright\firefox-1532\firefox\firefox.exe
    ╔════════════════════════════════════════════════════════════╗
    ║ Looks like Playwright was just installed or updated.       ║
    ║ Please run the following command to download new browsers: ║
    ║                                                            ║
    ║     pnpm exec playwright install                           ║
    ║                                                            ║
    ║ <3 Playwright Team                                         ║
    ╚════════════════════════════════════════════════════════════╝

    Error Context: ..\test-results\fnb-KASIRSOLO-FnB---Restau-648df-d-handle-empty-cart-removal-firefox\error-context.md
]]>
</error>
</testcase>
<testcase name="KASIRSOLO FnB - Restaurant POS Flow › FnB-09: Should validate price display" classname="fnb.spec.ts" time="0.011">
<system-out>
<![CDATA[
[[ATTACHMENT|fnb-KASIRSOLO-FnB---Restau-a87f6-ould-validate-price-display-firefox\error-context.md]]
]]>
</system-out>
<error message="browserType.launch: Executable doesn&apos;t exist at C:\Users\Admin\AppData\Local\ms-playwright\firefox-1532\firefox\firefox.exe" type="Error">
<![CDATA[  [firefox] › fnb.spec.ts:120:7 › KASIRSOLO FnB - Restaurant POS Flow › FnB-09: Should validate price display 

    Error: browserType.launch: Executable doesn't exist at C:\Users\Admin\AppData\Local\ms-playwright\firefox-1532\firefox\firefox.exe
    ╔════════════════════════════════════════════════════════════╗
    ║ Looks like Playwright was just installed or updated.       ║
    ║ Please run the following command to download new browsers: ║
    ║                                                            ║
    ║     pnpm exec playwright install                           ║
    ║                                                            ║
    ║ <3 Playwright Team                                         ║
    ╚════════════════════════════════════════════════════════════╝

    Error Context: ..\test-results\fnb-KASIRSOLO-FnB---Restau-a87f6-ould-validate-price-display-firefox\error-context.md
]]>
</error>
</testcase>
<testcase name="KASIRSOLO FnB - Restaurant POS Flow › FnB-10: Should support keyboard navigation" classname="fnb.spec.ts" time="0.011">
<system-out>
<![CDATA[
[[ATTACHMENT|fnb-KASIRSOLO-FnB---Restau-69e4f-support-keyboard-navigation-firefox\error-context.md]]
]]>
</system-out>
<error message="browserType.launch: Executable doesn&apos;t exist at C:\Users\Admin\AppData\Local\ms-playwright\firefox-1532\firefox\firefox.exe" type="Error">
<![CDATA[  [firefox] › fnb.spec.ts:126:7 › KASIRSOLO FnB - Restaurant POS Flow › FnB-10: Should support keyboard navigation 

    Error: browserType.launch: Executable doesn't exist at C:\Users\Admin\AppData\Local\ms-playwright\firefox-1532\firefox\firefox.exe
    ╔════════════════════════════════════════════════════════════╗
    ║ Looks like Playwright was just installed or updated.       ║
    ║ Please run the following command to download new browsers: ║
    ║                                                            ║
    ║     pnpm exec playwright install                           ║
    ║                                                            ║
    ║ <3 Playwright Team                                         ║
    ╚════════════════════════════════════════════════════════════╝

    Error Context: ..\test-results\fnb-KASIRSOLO-FnB---Restau-69e4f-support-keyboard-navigation-firefox\error-context.md
]]>
</error>
</testcase>
</testsuite>
<testsuite name="retail.spec.ts" timestamp="2026-07-23T07:46:06.732Z" hostname="firefox" tests="12" failures="0" skipped="0" time="0.158" errors="12">
<testcase name="KASIRSOLO Retail - Store POS Flow › Retail-01: Should load Retail app successfully" classname="retail.spec.ts" time="0.013">
<system-out>
<![CDATA[
[[ATTACHMENT|retail-KASIRSOLO-Retail----075ca-oad-Retail-app-successfully-firefox\error-context.md]]
]]>
</system-out>
<error message="browserType.launch: Executable doesn&apos;t exist at C:\Users\Admin\AppData\Local\ms-playwright\firefox-1532\firefox\firefox.exe" type="Error">
<![CDATA[  [firefox] › retail.spec.ts:11:7 › KASIRSOLO Retail - Store POS Flow › Retail-01: Should load Retail app successfully 

    Error: browserType.launch: Executable doesn't exist at C:\Users\Admin\AppData\Local\ms-playwright\firefox-1532\firefox\firefox.exe
    ╔════════════════════════════════════════════════════════════╗
    ║ Looks like Playwright was just installed or updated.       ║
    ║ Please run the following command to download new browsers: ║
    ║                                                            ║
    ║     pnpm exec playwright install                           ║
    ║                                                            ║
    ║ <3 Playwright Team                                         ║
    ╚════════════════════════════════════════════════════════════╝

    Error Context: ..\test-results\retail-KASIRSOLO-Retail----075ca-oad-Retail-app-successfully-firefox\error-context.md
]]>
</error>
</testcase>
<testcase name="KASIRSOLO Retail - Store POS Flow › Retail-02: Should display product list" classname="retail.spec.ts" time="0.009">
<system-out>
<![CDATA[
[[ATTACHMENT|retail-KASIRSOLO-Retail----f3efd-Should-display-product-list-firefox\error-context.md]]
]]>
</system-out>
<error message="browserType.launch: Executable doesn&apos;t exist at C:\Users\Admin\AppData\Local\ms-playwright\firefox-1532\firefox\firefox.exe" type="Error">
<![CDATA[  [firefox] › retail.spec.ts:18:7 › KASIRSOLO Retail - Store POS Flow › Retail-02: Should display product list 

    Error: browserType.launch: Executable doesn't exist at C:\Users\Admin\AppData\Local\ms-playwright\firefox-1532\firefox\firefox.exe
    ╔════════════════════════════════════════════════════════════╗
    ║ Looks like Playwright was just installed or updated.       ║
    ║ Please run the following command to download new browsers: ║
    ║                                                            ║
    ║     pnpm exec playwright install                           ║
    ║                                                            ║
    ║ <3 Playwright Team                                         ║
    ╚════════════════════════════════════════════════════════════╝

    Error Context: ..\test-results\retail-KASIRSOLO-Retail----f3efd-Should-display-product-list-firefox\error-context.md
]]>
</error>
</testcase>
<testcase name="KASIRSOLO Retail - Store POS Flow › Retail-03: Should add single product to cart" classname="retail.spec.ts" time="0.01">
<system-out>
<![CDATA[
[[ATTACHMENT|retail-KASIRSOLO-Retail----a0371--add-single-product-to-cart-firefox\error-context.md]]
]]>
</system-out>
<error message="browserType.launch: Executable doesn&apos;t exist at C:\Users\Admin\AppData\Local\ms-playwright\firefox-1532\firefox\firefox.exe" type="Error">
<![CDATA[  [firefox] › retail.spec.ts:24:7 › KASIRSOLO Retail - Store POS Flow › Retail-03: Should add single product to cart 

    Error: browserType.launch: Executable doesn't exist at C:\Users\Admin\AppData\Local\ms-playwright\firefox-1532\firefox\firefox.exe
    ╔════════════════════════════════════════════════════════════╗
    ║ Looks like Playwright was just installed or updated.       ║
    ║ Please run the following command to download new browsers: ║
    ║                                                            ║
    ║     pnpm exec playwright install                           ║
    ║                                                            ║
    ║ <3 Playwright Team                                         ║
    ╚════════════════════════════════════════════════════════════╝

    Error Context: ..\test-results\retail-KASIRSOLO-Retail----a0371--add-single-product-to-cart-firefox\error-context.md
]]>
</error>
</testcase>
<testcase name="KASIRSOLO Retail - Store POS Flow › Retail-04: Should add multiple products" classname="retail.spec.ts" time="0.012">
<system-out>
<![CDATA[
[[ATTACHMENT|retail-KASIRSOLO-Retail----cfce7-hould-add-multiple-products-firefox\error-context.md]]
]]>
</system-out>
<error message="browserType.launch: Executable doesn&apos;t exist at C:\Users\Admin\AppData\Local\ms-playwright\firefox-1532\firefox\firefox.exe" type="Error">
<![CDATA[  [firefox] › retail.spec.ts:38:7 › KASIRSOLO Retail - Store POS Flow › Retail-04: Should add multiple products 

    Error: browserType.launch: Executable doesn't exist at C:\Users\Admin\AppData\Local\ms-playwright\firefox-1532\firefox\firefox.exe
    ╔════════════════════════════════════════════════════════════╗
    ║ Looks like Playwright was just installed or updated.       ║
    ║ Please run the following command to download new browsers: ║
    ║                                                            ║
    ║     pnpm exec playwright install                           ║
    ║                                                            ║
    ║ <3 Playwright Team                                         ║
    ╚════════════════════════════════════════════════════════════╝

    Error Context: ..\test-results\retail-KASIRSOLO-Retail----cfce7-hould-add-multiple-products-firefox\error-context.md
]]>
</error>
</testcase>
<testcase name="KASIRSOLO Retail - Store POS Flow › Retail-05: Should view shopping cart" classname="retail.spec.ts" time="0.025">
<system-out>
<![CDATA[
[[ATTACHMENT|retail-KASIRSOLO-Retail----08fb1-5-Should-view-shopping-cart-firefox\error-context.md]]
]]>
</system-out>
<error message="browserType.launch: Executable doesn&apos;t exist at C:\Users\Admin\AppData\Local\ms-playwright\firefox-1532\firefox\firefox.exe" type="Error">
<![CDATA[  [firefox] › retail.spec.ts:55:7 › KASIRSOLO Retail - Store POS Flow › Retail-05: Should view shopping cart 

    Error: browserType.launch: Executable doesn't exist at C:\Users\Admin\AppData\Local\ms-playwright\firefox-1532\firefox\firefox.exe
    ╔════════════════════════════════════════════════════════════╗
    ║ Looks like Playwright was just installed or updated.       ║
    ║ Please run the following command to download new browsers: ║
    ║                                                            ║
    ║     pnpm exec playwright install                           ║
    ║                                                            ║
    ║ <3 Playwright Team                                         ║
    ╚════════════════════════════════════════════════════════════╝

    Error Context: ..\test-results\retail-KASIRSOLO-Retail----08fb1-5-Should-view-shopping-cart-firefox\error-context.md
]]>
</error>
</testcase>
<testcase name="KASIRSOLO Retail - Store POS Flow › Retail-06: Should modify item quantity in cart" classname="retail.spec.ts" time="0.011">
<system-out>
<![CDATA[
[[ATTACHMENT|retail-KASIRSOLO-Retail----566b1-odify-item-quantity-in-cart-firefox\error-context.md]]
]]>
</system-out>
<error message="browserType.launch: Executable doesn&apos;t exist at C:\Users\Admin\AppData\Local\ms-playwright\firefox-1532\firefox\firefox.exe" type="Error">
<![CDATA[  [firefox] › retail.spec.ts:70:7 › KASIRSOLO Retail - Store POS Flow › Retail-06: Should modify item quantity in cart 

    Error: browserType.launch: Executable doesn't exist at C:\Users\Admin\AppData\Local\ms-playwright\firefox-1532\firefox\firefox.exe
    ╔════════════════════════════════════════════════════════════╗
    ║ Looks like Playwright was just installed or updated.       ║
    ║ Please run the following command to download new browsers: ║
    ║                                                            ║
    ║     pnpm exec playwright install                           ║
    ║                                                            ║
    ║ <3 Playwright Team                                         ║
    ╚════════════════════════════════════════════════════════════╝

    Error Context: ..\test-results\retail-KASIRSOLO-Retail----566b1-odify-item-quantity-in-cart-firefox\error-context.md
]]>
</error>
</testcase>
<testcase name="KASIRSOLO Retail - Store POS Flow › Retail-07: Should calculate total correctly" classname="retail.spec.ts" time="0.017">
<system-out>
<![CDATA[
[[ATTACHMENT|retail-KASIRSOLO-Retail----d8c11-d-calculate-total-correctly-firefox\error-context.md]]
]]>
</system-out>
<error message="browserType.launch: Executable doesn&apos;t exist at C:\Users\Admin\AppData\Local\ms-playwright\firefox-1532\firefox\firefox.exe" type="Error">
<![CDATA[  [firefox] › retail.spec.ts:87:7 › KASIRSOLO Retail - Store POS Flow › Retail-07: Should calculate total correctly 

    Error: browserType.launch: Executable doesn't exist at C:\Users\Admin\AppData\Local\ms-playwright\firefox-1532\firefox\firefox.exe
    ╔════════════════════════════════════════════════════════════╗
    ║ Looks like Playwright was just installed or updated.       ║
    ║ Please run the following command to download new browsers: ║
    ║                                                            ║
    ║     pnpm exec playwright install                           ║
    ║                                                            ║
    ║ <3 Playwright Team                                         ║
    ╚════════════════════════════════════════════════════════════╝

    Error Context: ..\test-results\retail-KASIRSOLO-Retail----d8c11-d-calculate-total-correctly-firefox\error-context.md
]]>
</error>
</testcase>
<testcase name="KASIRSOLO Retail - Store POS Flow › Retail-08: Should proceed to payment" classname="retail.spec.ts" time="0.01">
<system-out>
<![CDATA[
[[ATTACHMENT|retail-KASIRSOLO-Retail----73ff4-8-Should-proceed-to-payment-firefox\error-context.md]]
]]>
</system-out>
<error message="browserType.launch: Executable doesn&apos;t exist at C:\Users\Admin\AppData\Local\ms-playwright\firefox-1532\firefox\firefox.exe" type="Error">
<![CDATA[  [firefox] › retail.spec.ts:105:7 › KASIRSOLO Retail - Store POS Flow › Retail-08: Should proceed to payment 

    Error: browserType.launch: Executable doesn't exist at C:\Users\Admin\AppData\Local\ms-playwright\firefox-1532\firefox\firefox.exe
    ╔════════════════════════════════════════════════════════════╗
    ║ Looks like Playwright was just installed or updated.       ║
    ║ Please run the following command to download new browsers: ║
    ║                                                            ║
    ║     pnpm exec playwright install                           ║
    ║                                                            ║
    ║ <3 Playwright Team                                         ║
    ╚════════════════════════════════════════════════════════════╝

    Error Context: ..\test-results\retail-KASIRSOLO-Retail----73ff4-8-Should-proceed-to-payment-firefox\error-context.md
]]>
</error>
</testcase>
<testcase name="KASIRSOLO Retail - Store POS Flow › Retail-09: Should remove item from cart" classname="retail.spec.ts" time="0.01">
<system-out>
<![CDATA[
[[ATTACHMENT|retail-KASIRSOLO-Retail----c66de-hould-remove-item-from-cart-firefox\error-context.md]]
]]>
</system-out>
<error message="browserType.launch: Executable doesn&apos;t exist at C:\Users\Admin\AppData\Local\ms-playwright\firefox-1532\firefox\firefox.exe" type="Error">
<![CDATA[  [firefox] › retail.spec.ts:122:7 › KASIRSOLO Retail - Store POS Flow › Retail-09: Should remove item from cart 

    Error: browserType.launch: Executable doesn't exist at C:\Users\Admin\AppData\Local\ms-playwright\firefox-1532\firefox\firefox.exe
    ╔════════════════════════════════════════════════════════════╗
    ║ Looks like Playwright was just installed or updated.       ║
    ║ Please run the following command to download new browsers: ║
    ║                                                            ║
    ║     pnpm exec playwright install                           ║
    ║                                                            ║
    ║ <3 Playwright Team                                         ║
    ╚════════════════════════════════════════════════════════════╝

    Error Context: ..\test-results\retail-KASIRSOLO-Retail----c66de-hould-remove-item-from-cart-firefox\error-context.md
]]>
</error>
</testcase>
<testcase name="KASIRSOLO Retail - Store POS Flow › Retail-10: Should handle currency formatting" classname="retail.spec.ts" time="0.012">
<system-out>
<![CDATA[
[[ATTACHMENT|retail-KASIRSOLO-Retail----0a9d1--handle-currency-formatting-firefox\error-context.md]]
]]>
</system-out>
<error message="browserType.launch: Executable doesn&apos;t exist at C:\Users\Admin\AppData\Local\ms-playwright\firefox-1532\firefox\firefox.exe" type="Error">
<![CDATA[  [firefox] › retail.spec.ts:139:7 › KASIRSOLO Retail - Store POS Flow › Retail-10: Should handle currency formatting 

    Error: browserType.launch: Executable doesn't exist at C:\Users\Admin\AppData\Local\ms-playwright\firefox-1532\firefox\firefox.exe
    ╔════════════════════════════════════════════════════════════╗
    ║ Looks like Playwright was just installed or updated.       ║
    ║ Please run the following command to download new browsers: ║
    ║                                                            ║
    ║     pnpm exec playwright install                           ║
    ║                                                            ║
    ║ <3 Playwright Team                                         ║
    ╚════════════════════════════════════════════════════════════╝

    Error Context: ..\test-results\retail-KASIRSOLO-Retail----0a9d1--handle-currency-formatting-firefox\error-context.md
]]>
</error>
</testcase>
<testcase name="KASIRSOLO Retail - Store POS Flow › Retail-11: Should support discount/promo input" classname="retail.spec.ts" time="0.01">
<system-out>
<![CDATA[
[[ATTACHMENT|retail-KASIRSOLO-Retail----98781-upport-discount-promo-input-firefox\error-context.md]]
]]>
</system-out>
<error message="browserType.launch: Executable doesn&apos;t exist at C:\Users\Admin\AppData\Local\ms-playwright\firefox-1532\firefox\firefox.exe" type="Error">
<![CDATA[  [firefox] › retail.spec.ts:148:7 › KASIRSOLO Retail - Store POS Flow › Retail-11: Should support discount/promo input 

    Error: browserType.launch: Executable doesn't exist at C:\Users\Admin\AppData\Local\ms-playwright\firefox-1532\firefox\firefox.exe
    ╔════════════════════════════════════════════════════════════╗
    ║ Looks like Playwright was just installed or updated.       ║
    ║ Please run the following command to download new browsers: ║
    ║                                                            ║
    ║     pnpm exec playwright install                           ║
    ║                                                            ║
    ║ <3 Playwright Team                                         ║
    ╚════════════════════════════════════════════════════════════╝

    Error Context: ..\test-results\retail-KASIRSOLO-Retail----98781-upport-discount-promo-input-firefox\error-context.md
]]>
</error>
</testcase>
<testcase name="KASIRSOLO Retail - Store POS Flow › Retail-12: Should support search functionality" classname="retail.spec.ts" time="0.019">
<system-out>
<![CDATA[
[[ATTACHMENT|retail-KASIRSOLO-Retail----1b438-upport-search-functionality-firefox\error-context.md]]
]]>
</system-out>
<error message="browserType.launch: Executable doesn&apos;t exist at C:\Users\Admin\AppData\Local\ms-playwright\firefox-1532\firefox\firefox.exe" type="Error">
<![CDATA[  [firefox] › retail.spec.ts:165:7 › KASIRSOLO Retail - Store POS Flow › Retail-12: Should support search functionality 

    Error: browserType.launch: Executable doesn't exist at C:\Users\Admin\AppData\Local\ms-playwright\firefox-1532\firefox\firefox.exe
    ╔════════════════════════════════════════════════════════════╗
    ║ Looks like Playwright was just installed or updated.       ║
    ║ Please run the following command to download new browsers: ║
    ║                                                            ║
    ║     pnpm exec playwright install                           ║
    ║                                                            ║
    ║ <3 Playwright Team                                         ║
    ╚════════════════════════════════════════════════════════════╝

    Error Context: ..\test-results\retail-KASIRSOLO-Retail----1b438-upport-search-functionality-firefox\error-context.md
]]>
</error>
</testcase>
</testsuite>
<testsuite name="fnb.spec.ts" timestamp="2026-07-23T07:46:06.732Z" hostname="webkit" tests="10" failures="0" skipped="0" time="0.113" errors="10">
<testcase name="KASIRSOLO FnB - Restaurant POS Flow › FnB-01: Should load FnB app successfully" classname="fnb.spec.ts" time="0.009">
<system-out>
<![CDATA[
[[ATTACHMENT|fnb-KASIRSOLO-FnB---Restau-7189f-d-load-FnB-app-successfully-webkit\error-context.md]]
]]>
</system-out>
<error message="browserType.launch: Executable doesn&apos;t exist at C:\Users\Admin\AppData\Local\ms-playwright\webkit-2311\Playwright.exe" type="Error">
<![CDATA[  [webkit] › fnb.spec.ts:11:7 › KASIRSOLO FnB - Restaurant POS Flow › FnB-01: Should load FnB app successfully 

    Error: browserType.launch: Executable doesn't exist at C:\Users\Admin\AppData\Local\ms-playwright\webkit-2311\Playwright.exe
    ╔════════════════════════════════════════════════════════════╗
    ║ Looks like Playwright was just installed or updated.       ║
    ║ Please run the following command to download new browsers: ║
    ║                                                            ║
    ║     pnpm exec playwright install                           ║
    ║                                                            ║
    ║ <3 Playwright Team                                         ║
    ╚════════════════════════════════════════════════════════════╝

    Error Context: ..\test-results\fnb-KASIRSOLO-FnB---Restau-7189f-d-load-FnB-app-successfully-webkit\error-context.md
]]>
</error>
</testcase>
<testcase name="KASIRSOLO FnB - Restaurant POS Flow › FnB-02: Should display product catalog" classname="fnb.spec.ts" time="0.013">
<system-out>
<![CDATA[
[[ATTACHMENT|fnb-KASIRSOLO-FnB---Restau-a9a6c-uld-display-product-catalog-webkit\error-context.md]]
]]>
</system-out>
<error message="browserType.launch: Executable doesn&apos;t exist at C:\Users\Admin\AppData\Local\ms-playwright\webkit-2311\Playwright.exe" type="Error">
<![CDATA[  [webkit] › fnb.spec.ts:18:7 › KASIRSOLO FnB - Restaurant POS Flow › FnB-02: Should display product catalog 

    Error: browserType.launch: Executable doesn't exist at C:\Users\Admin\AppData\Local\ms-playwright\webkit-2311\Playwright.exe
    ╔════════════════════════════════════════════════════════════╗
    ║ Looks like Playwright was just installed or updated.       ║
    ║ Please run the following command to download new browsers: ║
    ║                                                            ║
    ║     pnpm exec playwright install                           ║
    ║                                                            ║
    ║ <3 Playwright Team                                         ║
    ╚════════════════════════════════════════════════════════════╝

    Error Context: ..\test-results\fnb-KASIRSOLO-FnB---Restau-a9a6c-uld-display-product-catalog-webkit\error-context.md
]]>
</error>
</testcase>
<testcase name="KASIRSOLO FnB - Restaurant POS Flow › FnB-03: Should add single item to cart" classname="fnb.spec.ts" time="0.014">
<system-out>
<![CDATA[
[[ATTACHMENT|fnb-KASIRSOLO-FnB---Restau-3e327-uld-add-single-item-to-cart-webkit\error-context.md]]
]]>
</system-out>
<error message="browserType.launch: Executable doesn&apos;t exist at C:\Users\Admin\AppData\Local\ms-playwright\webkit-2311\Playwright.exe" type="Error">
<![CDATA[  [webkit] › fnb.spec.ts:24:7 › KASIRSOLO FnB - Restaurant POS Flow › FnB-03: Should add single item to cart 

    Error: browserType.launch: Executable doesn't exist at C:\Users\Admin\AppData\Local\ms-playwright\webkit-2311\Playwright.exe
    ╔════════════════════════════════════════════════════════════╗
    ║ Looks like Playwright was just installed or updated.       ║
    ║ Please run the following command to download new browsers: ║
    ║                                                            ║
    ║     pnpm exec playwright install                           ║
    ║                                                            ║
    ║ <3 Playwright Team                                         ║
    ╚════════════════════════════════════════════════════════════╝

    Error Context: ..\test-results\fnb-KASIRSOLO-FnB---Restau-3e327-uld-add-single-item-to-cart-webkit\error-context.md
]]>
</error>
</testcase>
<testcase name="KASIRSOLO FnB - Restaurant POS Flow › FnB-04: Should add multiple items to cart" classname="fnb.spec.ts" time="0.01">
<system-out>
<![CDATA[
[[ATTACHMENT|fnb-KASIRSOLO-FnB---Restau-25409--add-multiple-items-to-cart-webkit\error-context.md]]
]]>
</system-out>
<error message="browserType.launch: Executable doesn&apos;t exist at C:\Users\Admin\AppData\Local\ms-playwright\webkit-2311\Playwright.exe" type="Error">
<![CDATA[  [webkit] › fnb.spec.ts:38:7 › KASIRSOLO FnB - Restaurant POS Flow › FnB-04: Should add multiple items to cart 

    Error: browserType.launch: Executable doesn't exist at C:\Users\Admin\AppData\Local\ms-playwright\webkit-2311\Playwright.exe
    ╔════════════════════════════════════════════════════════════╗
    ║ Looks like Playwright was just installed or updated.       ║
    ║ Please run the following command to download new browsers: ║
    ║                                                            ║
    ║     pnpm exec playwright install                           ║
    ║                                                            ║
    ║ <3 Playwright Team                                         ║
    ╚════════════════════════════════════════════════════════════╝

    Error Context: ..\test-results\fnb-KASIRSOLO-FnB---Restau-25409--add-multiple-items-to-cart-webkit\error-context.md
]]>
</error>
</testcase>
<testcase name="KASIRSOLO FnB - Restaurant POS Flow › FnB-05: Should open cart and view items" classname="fnb.spec.ts" time="0.012">
<system-out>
<![CDATA[
[[ATTACHMENT|fnb-KASIRSOLO-FnB---Restau-3a096-ld-open-cart-and-view-items-webkit\error-context.md]]
]]>
</system-out>
<error message="browserType.launch: Executable doesn&apos;t exist at C:\Users\Admin\AppData\Local\ms-playwright\webkit-2311\Playwright.exe" type="Error">
<![CDATA[  [webkit] › fnb.spec.ts:53:7 › KASIRSOLO FnB - Restaurant POS Flow › FnB-05: Should open cart and view items 

    Error: browserType.launch: Executable doesn't exist at C:\Users\Admin\AppData\Local\ms-playwright\webkit-2311\Playwright.exe
    ╔════════════════════════════════════════════════════════════╗
    ║ Looks like Playwright was just installed or updated.       ║
    ║ Please run the following command to download new browsers: ║
    ║                                                            ║
    ║     pnpm exec playwright install                           ║
    ║                                                            ║
    ║ <3 Playwright Team                                         ║
    ╚════════════════════════════════════════════════════════════╝

    Error Context: ..\test-results\fnb-KASIRSOLO-FnB---Restau-3a096-ld-open-cart-and-view-items-webkit\error-context.md
]]>
</error>
</testcase>
<testcase name="KASIRSOLO FnB - Restaurant POS Flow › FnB-06: Should update item quantity" classname="fnb.spec.ts" time="0.011">
<system-out>
<![CDATA[
[[ATTACHMENT|fnb-KASIRSOLO-FnB---Restau-d0cff-Should-update-item-quantity-webkit\error-context.md]]
]]>
</system-out>
<error message="browserType.launch: Executable doesn&apos;t exist at C:\Users\Admin\AppData\Local\ms-playwright\webkit-2311\Playwright.exe" type="Error">
<![CDATA[  [webkit] › fnb.spec.ts:68:7 › KASIRSOLO FnB - Restaurant POS Flow › FnB-06: Should update item quantity 

    Error: browserType.launch: Executable doesn't exist at C:\Users\Admin\AppData\Local\ms-playwright\webkit-2311\Playwright.exe
    ╔════════════════════════════════════════════════════════════╗
    ║ Looks like Playwright was just installed or updated.       ║
    ║ Please run the following command to download new browsers: ║
    ║                                                            ║
    ║     pnpm exec playwright install                           ║
    ║                                                            ║
    ║ <3 Playwright Team                                         ║
    ╚════════════════════════════════════════════════════════════╝

    Error Context: ..\test-results\fnb-KASIRSOLO-FnB---Restau-d0cff-Should-update-item-quantity-webkit\error-context.md
]]>
</error>
</testcase>
<testcase name="KASIRSOLO FnB - Restaurant POS Flow › FnB-07: Should proceed to checkout" classname="fnb.spec.ts" time="0.008">
<system-out>
<![CDATA[
[[ATTACHMENT|fnb-KASIRSOLO-FnB---Restau-039d8--Should-proceed-to-checkout-webkit\error-context.md]]
]]>
</system-out>
<error message="browserType.launch: Executable doesn&apos;t exist at C:\Users\Admin\AppData\Local\ms-playwright\webkit-2311\Playwright.exe" type="Error">
<![CDATA[  [webkit] › fnb.spec.ts:87:7 › KASIRSOLO FnB - Restaurant POS Flow › FnB-07: Should proceed to checkout 

    Error: browserType.launch: Executable doesn't exist at C:\Users\Admin\AppData\Local\ms-playwright\webkit-2311\Playwright.exe
    ╔════════════════════════════════════════════════════════════╗
    ║ Looks like Playwright was just installed or updated.       ║
    ║ Please run the following command to download new browsers: ║
    ║                                                            ║
    ║     pnpm exec playwright install                           ║
    ║                                                            ║
    ║ <3 Playwright Team                                         ║
    ╚════════════════════════════════════════════════════════════╝

    Error Context: ..\test-results\fnb-KASIRSOLO-FnB---Restau-039d8--Should-proceed-to-checkout-webkit\error-context.md
]]>
</error>
</testcase>
<testcase name="KASIRSOLO FnB - Restaurant POS Flow › FnB-08: Should handle empty cart removal" classname="fnb.spec.ts" time="0.012">
<system-out>
<![CDATA[
[[ATTACHMENT|fnb-KASIRSOLO-FnB---Restau-648df-d-handle-empty-cart-removal-webkit\error-context.md]]
]]>
</system-out>
<error message="browserType.launch: Executable doesn&apos;t exist at C:\Users\Admin\AppData\Local\ms-playwright\webkit-2311\Playwright.exe" type="Error">
<![CDATA[  [webkit] › fnb.spec.ts:104:7 › KASIRSOLO FnB - Restaurant POS Flow › FnB-08: Should handle empty cart removal 

    Error: browserType.launch: Executable doesn't exist at C:\Users\Admin\AppData\Local\ms-playwright\webkit-2311\Playwright.exe
    ╔════════════════════════════════════════════════════════════╗
    ║ Looks like Playwright was just installed or updated.       ║
    ║ Please run the following command to download new browsers: ║
    ║                                                            ║
    ║     pnpm exec playwright install                           ║
    ║                                                            ║
    ║ <3 Playwright Team                                         ║
    ╚════════════════════════════════════════════════════════════╝

    Error Context: ..\test-results\fnb-KASIRSOLO-FnB---Restau-648df-d-handle-empty-cart-removal-webkit\error-context.md
]]>
</error>
</testcase>
<testcase name="KASIRSOLO FnB - Restaurant POS Flow › FnB-09: Should validate price display" classname="fnb.spec.ts" time="0.013">
<system-out>
<![CDATA[
[[ATTACHMENT|fnb-KASIRSOLO-FnB---Restau-a87f6-ould-validate-price-display-webkit\error-context.md]]
]]>
</system-out>
<error message="browserType.launch: Executable doesn&apos;t exist at C:\Users\Admin\AppData\Local\ms-playwright\webkit-2311\Playwright.exe" type="Error">
<![CDATA[  [webkit] › fnb.spec.ts:120:7 › KASIRSOLO FnB - Restaurant POS Flow › FnB-09: Should validate price display 

    Error: browserType.launch: Executable doesn't exist at C:\Users\Admin\AppData\Local\ms-playwright\webkit-2311\Playwright.exe
    ╔════════════════════════════════════════════════════════════╗
    ║ Looks like Playwright was just installed or updated.       ║
    ║ Please run the following command to download new browsers: ║
    ║                                                            ║
    ║     pnpm exec playwright install                           ║
    ║                                                            ║
    ║ <3 Playwright Team                                         ║
    ╚════════════════════════════════════════════════════════════╝

    Error Context: ..\test-results\fnb-KASIRSOLO-FnB---Restau-a87f6-ould-validate-price-display-webkit\error-context.md
]]>
</error>
</testcase>
<testcase name="KASIRSOLO FnB - Restaurant POS Flow › FnB-10: Should support keyboard navigation" classname="fnb.spec.ts" time="0.011">
<system-out>
<![CDATA[
[[ATTACHMENT|fnb-KASIRSOLO-FnB---Restau-69e4f-support-keyboard-navigation-webkit\error-context.md]]
]]>
</system-out>
<error message="browserType.launch: Executable doesn&apos;t exist at C:\Users\Admin\AppData\Local\ms-playwright\webkit-2311\Playwright.exe" type="Error">
<![CDATA[  [webkit] › fnb.spec.ts:126:7 › KASIRSOLO FnB - Restaurant POS Flow › FnB-10: Should support keyboard navigation 

    Error: browserType.launch: Executable doesn't exist at C:\Users\Admin\AppData\Local\ms-playwright\webkit-2311\Playwright.exe
    ╔════════════════════════════════════════════════════════════╗
    ║ Looks like Playwright was just installed or updated.       ║
    ║ Please run the following command to download new browsers: ║
    ║                                                            ║
    ║     pnpm exec playwright install                           ║
    ║                                                            ║
    ║ <3 Playwright Team                                         ║
    ╚════════════════════════════════════════════════════════════╝

    Error Context: ..\test-results\fnb-KASIRSOLO-FnB---Restau-69e4f-support-keyboard-navigation-webkit\error-context.md
]]>
</error>
</testcase>
</testsuite>
<testsuite name="retail.spec.ts" timestamp="2026-07-23T07:46:06.732Z" hostname="webkit" tests="12" failures="0" skipped="0" time="0.144" errors="12">
<testcase name="KASIRSOLO Retail - Store POS Flow › Retail-01: Should load Retail app successfully" classname="retail.spec.ts" time="0.011">
<system-out>
<![CDATA[
[[ATTACHMENT|retail-KASIRSOLO-Retail----075ca-oad-Retail-app-successfully-webkit\error-context.md]]
]]>
</system-out>
<error message="browserType.launch: Executable doesn&apos;t exist at C:\Users\Admin\AppData\Local\ms-playwright\webkit-2311\Playwright.exe" type="Error">
<![CDATA[  [webkit] › retail.spec.ts:11:7 › KASIRSOLO Retail - Store POS Flow › Retail-01: Should load Retail app successfully 

    Error: browserType.launch: Executable doesn't exist at C:\Users\Admin\AppData\Local\ms-playwright\webkit-2311\Playwright.exe
    ╔════════════════════════════════════════════════════════════╗
    ║ Looks like Playwright was just installed or updated.       ║
    ║ Please run the following command to download new browsers: ║
    ║                                                            ║
    ║     pnpm exec playwright install                           ║
    ║                                                            ║
    ║ <3 Playwright Team                                         ║
    ╚════════════════════════════════════════════════════════════╝

    Error Context: ..\test-results\retail-KASIRSOLO-Retail----075ca-oad-Retail-app-successfully-webkit\error-context.md
]]>
</error>
</testcase>
<testcase name="KASIRSOLO Retail - Store POS Flow › Retail-02: Should display product list" classname="retail.spec.ts" time="0.01">
<system-out>
<![CDATA[
[[ATTACHMENT|retail-KASIRSOLO-Retail----f3efd-Should-display-product-list-webkit\error-context.md]]
]]>
</system-out>
<error message="browserType.launch: Executable doesn&apos;t exist at C:\Users\Admin\AppData\Local\ms-playwright\webkit-2311\Playwright.exe" type="Error">
<![CDATA[  [webkit] › retail.spec.ts:18:7 › KASIRSOLO Retail - Store POS Flow › Retail-02: Should display product list 

    Error: browserType.launch: Executable doesn't exist at C:\Users\Admin\AppData\Local\ms-playwright\webkit-2311\Playwright.exe
    ╔════════════════════════════════════════════════════════════╗
    ║ Looks like Playwright was just installed or updated.       ║
    ║ Please run the following command to download new browsers: ║
    ║                                                            ║
    ║     pnpm exec playwright install                           ║
    ║                                                            ║
    ║ <3 Playwright Team                                         ║
    ╚════════════════════════════════════════════════════════════╝

    Error Context: ..\test-results\retail-KASIRSOLO-Retail----f3efd-Should-display-product-list-webkit\error-context.md
]]>
</error>
</testcase>
<testcase name="KASIRSOLO Retail - Store POS Flow › Retail-03: Should add single product to cart" classname="retail.spec.ts" time="0.011">
<system-out>
<![CDATA[
[[ATTACHMENT|retail-KASIRSOLO-Retail----a0371--add-single-product-to-cart-webkit\error-context.md]]
]]>
</system-out>
<error message="browserType.launch: Executable doesn&apos;t exist at C:\Users\Admin\AppData\Local\ms-playwright\webkit-2311\Playwright.exe" type="Error">
<![CDATA[  [webkit] › retail.spec.ts:24:7 › KASIRSOLO Retail - Store POS Flow › Retail-03: Should add single product to cart 

    Error: browserType.launch: Executable doesn't exist at C:\Users\Admin\AppData\Local\ms-playwright\webkit-2311\Playwright.exe
    ╔════════════════════════════════════════════════════════════╗
    ║ Looks like Playwright was just installed or updated.       ║
    ║ Please run the following command to download new browsers: ║
    ║                                                            ║
    ║     pnpm exec playwright install                           ║
    ║                                                            ║
    ║ <3 Playwright Team                                         ║
    ╚════════════════════════════════════════════════════════════╝

    Error Context: ..\test-results\retail-KASIRSOLO-Retail----a0371--add-single-product-to-cart-webkit\error-context.md
]]>
</error>
</testcase>
<testcase name="KASIRSOLO Retail - Store POS Flow › Retail-04: Should add multiple products" classname="retail.spec.ts" time="0.027">
<system-out>
<![CDATA[
[[ATTACHMENT|retail-KASIRSOLO-Retail----cfce7-hould-add-multiple-products-webkit\error-context.md]]
]]>
</system-out>
<error message="browserType.launch: Executable doesn&apos;t exist at C:\Users\Admin\AppData\Local\ms-playwright\webkit-2311\Playwright.exe" type="Error">
<![CDATA[  [webkit] › retail.spec.ts:38:7 › KASIRSOLO Retail - Store POS Flow › Retail-04: Should add multiple products 

    Error: browserType.launch: Executable doesn't exist at C:\Users\Admin\AppData\Local\ms-playwright\webkit-2311\Playwright.exe
    ╔════════════════════════════════════════════════════════════╗
    ║ Looks like Playwright was just installed or updated.       ║
    ║ Please run the following command to download new browsers: ║
    ║                                                            ║
    ║     pnpm exec playwright install                           ║
    ║                                                            ║
    ║ <3 Playwright Team                                         ║
    ╚════════════════════════════════════════════════════════════╝

    Error Context: ..\test-results\retail-KASIRSOLO-Retail----cfce7-hould-add-multiple-products-webkit\error-context.md
]]>
</error>
</testcase>
<testcase name="KASIRSOLO Retail - Store POS Flow › Retail-05: Should view shopping cart" classname="retail.spec.ts" time="0.009">
<system-out>
<![CDATA[
[[ATTACHMENT|retail-KASIRSOLO-Retail----08fb1-5-Should-view-shopping-cart-webkit\error-context.md]]
]]>
</system-out>
<error message="browserType.launch: Executable doesn&apos;t exist at C:\Users\Admin\AppData\Local\ms-playwright\webkit-2311\Playwright.exe" type="Error">
<![CDATA[  [webkit] › retail.spec.ts:55:7 › KASIRSOLO Retail - Store POS Flow › Retail-05: Should view shopping cart 

    Error: browserType.launch: Executable doesn't exist at C:\Users\Admin\AppData\Local\ms-playwright\webkit-2311\Playwright.exe
    ╔════════════════════════════════════════════════════════════╗
    ║ Looks like Playwright was just installed or updated.       ║
    ║ Please run the following command to download new browsers: ║
    ║                                                            ║
    ║     pnpm exec playwright install                           ║
    ║                                                            ║
    ║ <3 Playwright Team                                         ║
    ╚════════════════════════════════════════════════════════════╝

    Error Context: ..\test-results\retail-KASIRSOLO-Retail----08fb1-5-Should-view-shopping-cart-webkit\error-context.md
]]>
</error>
</testcase>
<testcase name="KASIRSOLO Retail - Store POS Flow › Retail-06: Should modify item quantity in cart" classname="retail.spec.ts" time="0.015">
<system-out>
<![CDATA[
[[ATTACHMENT|retail-KASIRSOLO-Retail----566b1-odify-item-quantity-in-cart-webkit\error-context.md]]
]]>
</system-out>
<error message="browserType.launch: Executable doesn&apos;t exist at C:\Users\Admin\AppData\Local\ms-playwright\webkit-2311\Playwright.exe" type="Error">
<![CDATA[  [webkit] › retail.spec.ts:70:7 › KASIRSOLO Retail - Store POS Flow › Retail-06: Should modify item quantity in cart 

    Error: browserType.launch: Executable doesn't exist at C:\Users\Admin\AppData\Local\ms-playwright\webkit-2311\Playwright.exe
    ╔════════════════════════════════════════════════════════════╗
    ║ Looks like Playwright was just installed or updated.       ║
    ║ Please run the following command to download new browsers: ║
    ║                                                            ║
    ║     pnpm exec playwright install                           ║
    ║                                                            ║
    ║ <3 Playwright Team                                         ║
    ╚════════════════════════════════════════════════════════════╝

    Error Context: ..\test-results\retail-KASIRSOLO-Retail----566b1-odify-item-quantity-in-cart-webkit\error-context.md
]]>
</error>
</testcase>
<testcase name="KASIRSOLO Retail - Store POS Flow › Retail-07: Should calculate total correctly" classname="retail.spec.ts" time="0.01">
<system-out>
<![CDATA[
[[ATTACHMENT|retail-KASIRSOLO-Retail----d8c11-d-calculate-total-correctly-webkit\error-context.md]]
]]>
</system-out>
<error message="browserType.launch: Executable doesn&apos;t exist at C:\Users\Admin\AppData\Local\ms-playwright\webkit-2311\Playwright.exe" type="Error">
<![CDATA[  [webkit] › retail.spec.ts:87:7 › KASIRSOLO Retail - Store POS Flow › Retail-07: Should calculate total correctly 

    Error: browserType.launch: Executable doesn't exist at C:\Users\Admin\AppData\Local\ms-playwright\webkit-2311\Playwright.exe
    ╔════════════════════════════════════════════════════════════╗
    ║ Looks like Playwright was just installed or updated.       ║
    ║ Please run the following command to download new browsers: ║
    ║                                                            ║
    ║     pnpm exec playwright install                           ║
    ║                                                            ║
    ║ <3 Playwright Team                                         ║
    ╚════════════════════════════════════════════════════════════╝

    Error Context: ..\test-results\retail-KASIRSOLO-Retail----d8c11-d-calculate-total-correctly-webkit\error-context.md
]]>
</error>
</testcase>
<testcase name="KASIRSOLO Retail - Store POS Flow › Retail-08: Should proceed to payment" classname="retail.spec.ts" time="0.007">
<system-out>
<![CDATA[
[[ATTACHMENT|retail-KASIRSOLO-Retail----73ff4-8-Should-proceed-to-payment-webkit\error-context.md]]
]]>
</system-out>
<error message="browserType.launch: Executable doesn&apos;t exist at C:\Users\Admin\AppData\Local\ms-playwright\webkit-2311\Playwright.exe" type="Error">
<![CDATA[  [webkit] › retail.spec.ts:105:7 › KASIRSOLO Retail - Store POS Flow › Retail-08: Should proceed to payment 

    Error: browserType.launch: Executable doesn't exist at C:\Users\Admin\AppData\Local\ms-playwright\webkit-2311\Playwright.exe
    ╔════════════════════════════════════════════════════════════╗
    ║ Looks like Playwright was just installed or updated.       ║
    ║ Please run the following command to download new browsers: ║
    ║                                                            ║
    ║     pnpm exec playwright install                           ║
    ║                                                            ║
    ║ <3 Playwright Team                                         ║
    ╚════════════════════════════════════════════════════════════╝

    Error Context: ..\test-results\retail-KASIRSOLO-Retail----73ff4-8-Should-proceed-to-payment-webkit\error-context.md
]]>
</error>
</testcase>
<testcase name="KASIRSOLO Retail - Store POS Flow › Retail-09: Should remove item from cart" classname="retail.spec.ts" time="0.012">
<system-out>
<![CDATA[
[[ATTACHMENT|retail-KASIRSOLO-Retail----c66de-hould-remove-item-from-cart-webkit\error-context.md]]
]]>
</system-out>
<error message="browserType.launch: Executable doesn&apos;t exist at C:\Users\Admin\AppData\Local\ms-playwright\webkit-2311\Playwright.exe" type="Error">
<![CDATA[  [webkit] › retail.spec.ts:122:7 › KASIRSOLO Retail - Store POS Flow › Retail-09: Should remove item from cart 

    Error: browserType.launch: Executable doesn't exist at C:\Users\Admin\AppData\Local\ms-playwright\webkit-2311\Playwright.exe
    ╔════════════════════════════════════════════════════════════╗
    ║ Looks like Playwright was just installed or updated.       ║
    ║ Please run the following command to download new browsers: ║
    ║                                                            ║
    ║     pnpm exec playwright install                           ║
    ║                                                            ║
    ║ <3 Playwright Team                                         ║
    ╚════════════════════════════════════════════════════════════╝

    Error Context: ..\test-results\retail-KASIRSOLO-Retail----c66de-hould-remove-item-from-cart-webkit\error-context.md
]]>
</error>
</testcase>
<testcase name="KASIRSOLO Retail - Store POS Flow › Retail-10: Should handle currency formatting" classname="retail.spec.ts" time="0.009">
<system-out>
<![CDATA[
[[ATTACHMENT|retail-KASIRSOLO-Retail----0a9d1--handle-currency-formatting-webkit\error-context.md]]
]]>
</system-out>
<error message="browserType.launch: Executable doesn&apos;t exist at C:\Users\Admin\AppData\Local\ms-playwright\webkit-2311\Playwright.exe" type="Error">
<![CDATA[  [webkit] › retail.spec.ts:139:7 › KASIRSOLO Retail - Store POS Flow › Retail-10: Should handle currency formatting 

    Error: browserType.launch: Executable doesn't exist at C:\Users\Admin\AppData\Local\ms-playwright\webkit-2311\Playwright.exe
    ╔════════════════════════════════════════════════════════════╗
    ║ Looks like Playwright was just installed or updated.       ║
    ║ Please run the following command to download new browsers: ║
    ║                                                            ║
    ║     pnpm exec playwright install                           ║
    ║                                                            ║
    ║ <3 Playwright Team                                         ║
    ╚════════════════════════════════════════════════════════════╝

    Error Context: ..\test-results\retail-KASIRSOLO-Retail----0a9d1--handle-currency-formatting-webkit\error-context.md
]]>
</error>
</testcase>
<testcase name="KASIRSOLO Retail - Store POS Flow › Retail-11: Should support discount/promo input" classname="retail.spec.ts" time="0.012">
<system-out>
<![CDATA[
[[ATTACHMENT|retail-KASIRSOLO-Retail----98781-upport-discount-promo-input-webkit\error-context.md]]
]]>
</system-out>
<error message="browserType.launch: Executable doesn&apos;t exist at C:\Users\Admin\AppData\Local\ms-playwright\webkit-2311\Playwright.exe" type="Error">
<![CDATA[  [webkit] › retail.spec.ts:148:7 › KASIRSOLO Retail - Store POS Flow › Retail-11: Should support discount/promo input 

    Error: browserType.launch: Executable doesn't exist at C:\Users\Admin\AppData\Local\ms-playwright\webkit-2311\Playwright.exe
    ╔════════════════════════════════════════════════════════════╗
    ║ Looks like Playwright was just installed or updated.       ║
    ║ Please run the following command to download new browsers: ║
    ║                                                            ║
    ║     pnpm exec playwright install                           ║
    ║                                                            ║
    ║ <3 Playwright Team                                         ║
    ╚════════════════════════════════════════════════════════════╝

    Error Context: ..\test-results\retail-KASIRSOLO-Retail----98781-upport-discount-promo-input-webkit\error-context.md
]]>
</error>
</testcase>
<testcase name="KASIRSOLO Retail - Store POS Flow › Retail-12: Should support search functionality" classname="retail.spec.ts" time="0.011">
<system-out>
<![CDATA[
[[ATTACHMENT|retail-KASIRSOLO-Retail----1b438-upport-search-functionality-webkit\error-context.md]]
]]>
</system-out>
<error message="browserType.launch: Executable doesn&apos;t exist at C:\Users\Admin\AppData\Local\ms-playwright\webkit-2311\Playwright.exe" type="Error">
<![CDATA[  [webkit] › retail.spec.ts:165:7 › KASIRSOLO Retail - Store POS Flow › Retail-12: Should support search functionality 

    Error: browserType.launch: Executable doesn't exist at C:\Users\Admin\AppData\Local\ms-playwright\webkit-2311\Playwright.exe
    ╔════════════════════════════════════════════════════════════╗
    ║ Looks like Playwright was just installed or updated.       ║
    ║ Please run the following command to download new browsers: ║
    ║                                                            ║
    ║     pnpm exec playwright install                           ║
    ║                                                            ║
    ║ <3 Playwright Team                                         ║
    ╚════════════════════════════════════════════════════════════╝

    Error Context: ..\test-results\retail-KASIRSOLO-Retail----1b438-upport-search-functionality-webkit\error-context.md
]]>
</error>
</testcase>
</testsuite>
</testsuites>